<customer>
	<id_default_group></id_default_group>
	<id_lang format="isUnsignedId"></id_lang>
	<newsletter_date_add></newsletter_date_add>
	<ip_registration_newsletter></ip_registration_newsletter>
	<last_passwd_gen></last_passwd_gen>
	<secure_key format="isMd5"></secure_key>
	<deleted format="isBool"></deleted>
	<passwd required="true" maxSize="32" format="isPasswd"></passwd>
	<lastname required="true" maxSize="32" format="isName"></lastname>
	<firstname required="true" maxSize="32" format="isName"></firstname>
	<email required="true" maxSize="128" format="isEmail"></email>
	<id_gender format="isUnsignedId"></id_gender>
	<birthday format="isBirthDate"></birthday>
	<newsletter format="isBool"></newsletter>
	<optin format="isBool"></optin>
	<website format="isUrl"></website>
	<company format="isGenericName"></company>
	<siret format="isSiret"></siret>
	<ape format="isApe"></ape>
	<outstanding_allow_amount format="isFloat"></outstanding_allow_amount>
	<show_public_prices format="isBool"></show_public_prices>
	<id_risk format="isUnsignedInt"></id_risk>
	<max_payment_days format="isUnsignedInt"></max_payment_days>
	<active format="isBool"></active>
	<note maxSize="65000" format="isCleanHtml"></note>
	<is_guest format="isBool"></is_guest>
	<id_shop format="isUnsignedId"></id_shop>
	<id_shop_group format="isUnsignedId"></id_shop_group>
	<date_add format="isDate"></date_add>
	<date_upd format="isDate"></date_upd>
<associations>
<groups node_type="group">
	<group>
	<id></id>
	</group>
</groups>
</associations>
</customer>
</prestashop>